<?xml version="1.0" encoding="UTF-8"?>
<testng-results ignored="0" total="0" passed="0" failed="0" skipped="0">
  <reporter-output>
  </reporter-output>
  <suite started-at="2024-06-09T12:22:51 EDT" name="TestRunner" finished-at="2024-06-09T12:22:51 EDT" duration-ms="39">
    <groups>
    </groups>
    <test started-at="2024-06-09T12:22:51 EDT" name="Command line test" finished-at="2024-06-09T12:22:51 EDT" duration-ms="39">
    </test> <!-- Command line test -->
  </suite> <!-- TestRunner -->
</testng-results>
